build/outputs/logs/manifest-merger-debug-report.txt
-- Merging decision tree log ---
manifest
ADDED from a/ChromecastTest/AndroidManifest.xml:17:1-74:12
INJECTED from a/ChromecastTest/AndroidManifest.xml:17:1-74:12
INJECTED from a/ChromecastTest/AndroidManifest.xml:17:1-74:12
INJECTED from a/ChromecastTest/AndroidManifest.xml:17:1-74:12
MERGED from [com.google.android.gms:play-services-cast-framework:17.0.0] AndroidManifest.xml:2:1-22:12
MERGED from [com.google.android.gms:play-services-cast:17.0.0] AndroidManifest.xml:17:1-24:12
MERGED from [androidx.mediarouter:mediarouter:1.0.0] AndroidManifest.xml:17:1-22:12
MERGED from [androidx.appcompat:appcompat:1.0.2] AndroidManifest.xml:17:1-22:12
MERGED from [androidx.recyclerview:recyclerview:1.0.0] AndroidManifest.xml:17:1-22:12
MERGED from [com.android.volley:volley:1.1.1] AndroidManifest.xml:2:1-11:12
MERGED from [com.google.android.gms:play-services-flags:17.0.0] AndroidManifest.xml:17:1-22:12
MERGED from [com.google.android.gms:play-services-base:17.0.0] AndroidManifest.xml:17:1-29:12
MERGED from [com.google.android.gms:play-services-tasks:17.0.0] AndroidManifest.xml:2:1-9:12
MERGED from [com.google.android.gms:play-services-basement:17.0.0] AndroidManifest.xml:17:1-28:12
MERGED from [androidx.media:media:1.0.0] AndroidManifest.xml:17:1-22:12
MERGED from [androidx.fragment:fragment:1.0.0] AndroidManifest.xml:17:1-22:12
MERGED from [androidx.palette:palette:1.0.0] AndroidManifest.xml:17:1-22:12
MERGED from [androidx.vectordrawable:vectordrawable-animated:1.0.0] AndroidManifest.xml:17:1-22:12
MERGED from [androidx.legacy:legacy-support-core-ui:1.0.0] AndroidManifest.xml:17:1-22:12
MERGED from [androidx.legacy:legacy-support-core-utils:1.0.0] AndroidManifest.xml:17:1-22:12
MERGED from [androidx.loader:loader:1.0.0] AndroidManifest.xml:17:1-22:12
MERGED from [androidx.viewpager:viewpager:1.0.0] AndroidManifest.xml:17:1-22:12
MERGED from [androidx.coordinatorlayout:coordinatorlayout:1.0.0] AndroidManifest.xml:17:1-22:12
MERGED from [androidx.drawerlayout:drawerlayout:1.0.0] AndroidManifest.xml:17:1-22:12
MERGED from [androidx.slidingpanelayout:slidingpanelayout:1.0.0] AndroidManifest.xml:17:1-22:12
MERGED from [androidx.customview:customview:1.0.0] AndroidManifest.xml:17:1-22:12
MERGED from [androidx.swiperefreshlayout:swiperefreshlayout:1.0.0] AndroidManifest.xml:17:1-22:12
MERGED from [androidx.asynclayoutinflater:asynclayoutinflater:1.0.0] AndroidManifest.xml:17:1-22:12
MERGED from [androidx.vectordrawable:vectordrawable:1.0.1] AndroidManifest.xml:17:1-22:12
MERGED from [androidx.core:core:1.0.1] AndroidManifest.xml:17:1-24:12
MERGED from [androidx.versionedparcelable:versionedparcelable:1.0.0] AndroidManifest.xml:17:1-25:12
MERGED from [androidx.lifecycle:lifecycle-viewmodel:2.0.0] AndroidManifest.xml:17:1-22:12
MERGED from [androidx.interpolator:interpolator:1.0.0] AndroidManifest.xml:17:1-22:12
MERGED from [androidx.cursoradapter:cursoradapter:1.0.0] AndroidManifest.xml:17:1-22:12
MERGED from [androidx.documentfile:documentfile:1.0.0] AndroidManifest.xml:17:1-22:12
MERGED from [androidx.localbroadcastmanager:localbroadcastmanager:1.0.0] AndroidManifest.xml:17:1-22:12
MERGED from [androidx.print:print:1.0.0] AndroidManifest.xml:17:1-22:12
MERGED from [androidx.lifecycle:lifecycle-livedata:2.0.0] AndroidManifest.xml:17:1-22:12
MERGED from [androidx.lifecycle:lifecycle-livedata-core:2.0.0] AndroidManifest.xml:17:1-22:12
MERGED from [androidx.arch.core:core-runtime:2.0.0] AndroidManifest.xml:17:1-22:12
MERGED from [androidx.lifecycle:lifecycle-runtime:2.0.0] AndroidManifest.xml:17:1-22:12
INJECTED from a/ChromecastTest/AndroidManifest.xml:17:1-74:12
INJECTED from a/ChromecastTest/AndroidManifest.xml:17:1-74:12
INJECTED from a/ChromecastTest/AndroidManifest.xml:17:1-74:12
	package
		ADDED from a/ChromecastTest/AndroidManifest.xml:18:5-47
		INJECTED from a/ChromecastTest/AndroidManifest.xml
		INJECTED from a/ChromecastTest/AndroidManifest.xml
	android:versionName
		INJECTED from a/ChromecastTest/AndroidManifest.xml
		ADDED from a/ChromecastTest/AndroidManifest.xml:17:1-74:12
		INJECTED from a/ChromecastTest/AndroidManifest.xml
	android:versionCode
		INJECTED from a/ChromecastTest/AndroidManifest.xml
		ADDED from a/ChromecastTest/AndroidManifest.xml:17:1-74:12
		INJECTED from a/ChromecastTest/AndroidManifest.xml
	xmlns:android
		ADDED from a/ChromecastTest/AndroidManifest.xml:17:11-69
uses-permission#android.permission.INTERNET
ADDED from a/ChromecastTest/AndroidManifest.xml:20:5-67
	android:name
		ADDED from a/ChromecastTest/AndroidManifest.xml:20:22-64
application
ADDED from a/ChromecastTest/AndroidManifest.xml:22:5-72:19
MERGED from [com.google.android.gms:play-services-cast-framework:17.0.0] AndroidManifest.xml:9:5-20:19
MERGED from [com.google.android.gms:play-services-cast-framework:17.0.0] AndroidManifest.xml:9:5-20:19
MERGED from [com.google.android.gms:play-services-cast:17.0.0] AndroidManifest.xml:22:5-20
MERGED from [com.google.android.gms:play-services-cast:17.0.0] AndroidManifest.xml:22:5-20
MERGED from [com.android.volley:volley:1.1.1] AndroidManifest.xml:9:5-20
MERGED from [com.android.volley:volley:1.1.1] AndroidManifest.xml:9:5-20
MERGED from [com.google.android.gms:play-services-base:17.0.0] AndroidManifest.xml:22:5-27:19
MERGED from [com.google.android.gms:play-services-base:17.0.0] AndroidManifest.xml:22:5-27:19
MERGED from [com.google.android.gms:play-services-tasks:17.0.0] AndroidManifest.xml:7:5-20
MERGED from [com.google.android.gms:play-services-tasks:17.0.0] AndroidManifest.xml:7:5-20
MERGED from [com.google.android.gms:play-services-basement:17.0.0] AndroidManifest.xml:22:5-26:19
MERGED from [com.google.android.gms:play-services-basement:17.0.0] AndroidManifest.xml:22:5-26:19
MERGED from [androidx.core:core:1.0.1] AndroidManifest.xml:22:5-89
MERGED from [androidx.core:core:1.0.1] AndroidManifest.xml:22:5-89
MERGED from [androidx.versionedparcelable:versionedparcelable:1.0.0] AndroidManifest.xml:22:5-23:19
MERGED from [androidx.versionedparcelable:versionedparcelable:1.0.0] AndroidManifest.xml:22:5-23:19
	android:appComponentFactory
		ADDED from [androidx.core:core:1.0.1] AndroidManifest.xml:22:18-86
	android:label
		ADDED from a/ChromecastTest/AndroidManifest.xml:25:9-41
	android:icon
		ADDED from a/ChromecastTest/AndroidManifest.xml:24:9-45
	android:allowBackup
		ADDED from a/ChromecastTest/AndroidManifest.xml:23:9-35
	android:theme
		ADDED from a/ChromecastTest/AndroidManifest.xml:26:9-53
meta-data#com.google.android.gms.cast.framework.OPTIONS_PROVIDER_CLASS_NAME
ADDED from a/ChromecastTest/AndroidManifest.xml:28:9-30:84
	android:value
		ADDED from a/ChromecastTest/AndroidManifest.xml:30:13-81
	android:name
		ADDED from a/ChromecastTest/AndroidManifest.xml:29:13-93
activity#com.google.sample.cast.refplayer.VideoBrowserActivity
ADDED from a/ChromecastTest/AndroidManifest.xml:32:9-41:20
	android:screenOrientation
		ADDED from a/ChromecastTest/AndroidManifest.xml:35:13-49
	android:label
		ADDED from a/ChromecastTest/AndroidManifest.xml:34:13-45
	android:name
		ADDED from a/ChromecastTest/AndroidManifest.xml:33:13-81
intent-filter#action:name:android.intent.action.MAIN+category:name:android.intent.category.LAUNCHER
ADDED from a/ChromecastTest/AndroidManifest.xml:36:13-40:29
action#android.intent.action.MAIN
ADDED from a/ChromecastTest/AndroidManifest.xml:37:17-69
	android:name
		ADDED from a/ChromecastTest/AndroidManifest.xml:37:25-66
category#android.intent.category.LAUNCHER
ADDED from a/ChromecastTest/AndroidManifest.xml:39:17-77
	android:name
		ADDED from a/ChromecastTest/AndroidManifest.xml:39:27-74
activity#com.google.sample.cast.refplayer.mediaplayer.LocalPlayerActivity
ADDED from a/ChromecastTest/AndroidManifest.xml:42:9-50:20
	android:label
		ADDED from a/ChromecastTest/AndroidManifest.xml:45:13-45
	android:launchMode
		ADDED from a/ChromecastTest/AndroidManifest.xml:46:13-44
	android:configChanges
		ADDED from a/ChromecastTest/AndroidManifest.xml:44:13-103
	android:name
		ADDED from a/ChromecastTest/AndroidManifest.xml:43:13-92
intent-filter#action:name:android.intent.action.MAIN
ADDED from a/ChromecastTest/AndroidManifest.xml:47:13-49:29
activity#com.google.sample.cast.refplayer.settings.CastPreference
ADDED from a/ChromecastTest/AndroidManifest.xml:51:9-58:20
	android:label
		ADDED from a/ChromecastTest/AndroidManifest.xml:54:13-52
	android:theme
		ADDED from a/ChromecastTest/AndroidManifest.xml:53:13-51
	android:name
		ADDED from a/ChromecastTest/AndroidManifest.xml:52:13-84
activity#com.google.sample.cast.refplayer.expandedcontrols.ExpandedControlsActivity
ADDED from a/ChromecastTest/AndroidManifest.xml:59:9-71:20
	android:screenOrientation
		ADDED from a/ChromecastTest/AndroidManifest.xml:64:13-49
	android:label
		ADDED from a/ChromecastTest/AndroidManifest.xml:61:13-45
	android:launchMode
		ADDED from a/ChromecastTest/AndroidManifest.xml:62:13-44
	android:theme
		ADDED from a/ChromecastTest/AndroidManifest.xml:63:13-56
	android:name
		ADDED from a/ChromecastTest/AndroidManifest.xml:60:13-102
meta-data#android.support.PARENT_ACTIVITY
ADDED from a/ChromecastTest/AndroidManifest.xml:68:13-70:88
	android:value
		ADDED from a/ChromecastTest/AndroidManifest.xml:70:17-86
	android:name
		ADDED from a/ChromecastTest/AndroidManifest.xml:69:17-63
uses-sdk
INJECTED from a/ChromecastTest/AndroidManifest.xml reason: use-sdk injection requested
INJECTED from a/ChromecastTest/AndroidManifest.xml
INJECTED from a/ChromecastTest/AndroidManifest.xml
MERGED from [com.google.android.gms:play-services-cast-framework:17.0.0] AndroidManifest.xml:5:5-44
MERGED from [com.google.android.gms:play-services-cast-framework:17.0.0] AndroidManifest.xml:5:5-44
MERGED from [com.google.android.gms:play-services-cast:17.0.0] AndroidManifest.xml:20:5-44
MERGED from [com.google.android.gms:play-services-cast:17.0.0] AndroidManifest.xml:20:5-44
MERGED from [androidx.mediarouter:mediarouter:1.0.0] AndroidManifest.xml:20:5-44
MERGED from [androidx.mediarouter:mediarouter:1.0.0] AndroidManifest.xml:20:5-44
MERGED from [androidx.appcompat:appcompat:1.0.2] AndroidManifest.xml:20:5-44
MERGED from [androidx.appcompat:appcompat:1.0.2] AndroidManifest.xml:20:5-44
MERGED from [androidx.recyclerview:recyclerview:1.0.0] AndroidManifest.xml:20:5-44
MERGED from [androidx.recyclerview:recyclerview:1.0.0] AndroidManifest.xml:20:5-44
MERGED from [com.android.volley:volley:1.1.1] AndroidManifest.xml:7:5-43
MERGED from [com.android.volley:volley:1.1.1] AndroidManifest.xml:7:5-43
MERGED from [com.google.android.gms:play-services-flags:17.0.0] AndroidManifest.xml:20:5-44
MERGED from [com.google.android.gms:play-services-flags:17.0.0] AndroidManifest.xml:20:5-44
MERGED from [com.google.android.gms:play-services-base:17.0.0] AndroidManifest.xml:20:5-44
MERGED from [com.google.android.gms:play-services-base:17.0.0] AndroidManifest.xml:20:5-44
MERGED from [com.google.android.gms:play-services-tasks:17.0.0] AndroidManifest.xml:5:5-44
MERGED from [com.google.android.gms:play-services-tasks:17.0.0] AndroidManifest.xml:5:5-44
MERGED from [com.google.android.gms:play-services-basement:17.0.0] AndroidManifest.xml:20:5-44
MERGED from [com.google.android.gms:play-services-basement:17.0.0] AndroidManifest.xml:20:5-44
MERGED from [androidx.media:media:1.0.0] AndroidManifest.xml:20:5-44
MERGED from [androidx.media:media:1.0.0] AndroidManifest.xml:20:5-44
MERGED from [androidx.fragment:fragment:1.0.0] AndroidManifest.xml:20:5-44
MERGED from [androidx.fragment:fragment:1.0.0] AndroidManifest.xml:20:5-44
MERGED from [androidx.palette:palette:1.0.0] AndroidManifest.xml:20:5-44
MERGED from [androidx.palette:palette:1.0.0] AndroidManifest.xml:20:5-44
MERGED from [androidx.vectordrawable:vectordrawable-animated:1.0.0] AndroidManifest.xml:20:5-44
MERGED from [androidx.vectordrawable:vectordrawable-animated:1.0.0] AndroidManifest.xml:20:5-44
MERGED from [androidx.legacy:legacy-support-core-ui:1.0.0] AndroidManifest.xml:20:5-44
MERGED from [androidx.legacy:legacy-support-core-ui:1.0.0] AndroidManifest.xml:20:5-44
MERGED from [androidx.legacy:legacy-support-core-utils:1.0.0] AndroidManifest.xml:20:5-44
MERGED from [androidx.legacy:legacy-support-core-utils:1.0.0] AndroidManifest.xml:20:5-44
MERGED from [androidx.loader:loader:1.0.0] AndroidManifest.xml:20:5-44
MERGED from [androidx.loader:loader:1.0.0] AndroidManifest.xml:20:5-44
MERGED from [androidx.viewpager:viewpager:1.0.0] AndroidManifest.xml:20:5-44
MERGED from [androidx.viewpager:viewpager:1.0.0] AndroidManifest.xml:20:5-44
MERGED from [androidx.coordinatorlayout:coordinatorlayout:1.0.0] AndroidManifest.xml:20:5-44
MERGED from [androidx.coordinatorlayout:coordinatorlayout:1.0.0] AndroidManifest.xml:20:5-44
MERGED from [androidx.drawerlayout:drawerlayout:1.0.0] AndroidManifest.xml:20:5-44
MERGED from [androidx.drawerlayout:drawerlayout:1.0.0] AndroidManifest.xml:20:5-44
MERGED from [androidx.slidingpanelayout:slidingpanelayout:1.0.0] AndroidManifest.xml:20:5-44
MERGED from [androidx.slidingpanelayout:slidingpanelayout:1.0.0] AndroidManifest.xml:20:5-44
MERGED from [androidx.customview:customview:1.0.0] AndroidManifest.xml:20:5-44
MERGED from [androidx.customview:customview:1.0.0] AndroidManifest.xml:20:5-44
MERGED from [androidx.swiperefreshlayout:swiperefreshlayout:1.0.0] AndroidManifest.xml:20:5-44
MERGED from [androidx.swiperefreshlayout:swiperefreshlayout:1.0.0] AndroidManifest.xml:20:5-44
MERGED from [androidx.asynclayoutinflater:asynclayoutinflater:1.0.0] AndroidManifest.xml:20:5-44
MERGED from [androidx.asynclayoutinflater:asynclayoutinflater:1.0.0] AndroidManifest.xml:20:5-44
MERGED from [androidx.vectordrawable:vectordrawable:1.0.1] AndroidManifest.xml:20:5-44
MERGED from [androidx.vectordrawable:vectordrawable:1.0.1] AndroidManifest.xml:20:5-44
MERGED from [androidx.core:core:1.0.1] AndroidManifest.xml:20:5-44
MERGED from [androidx.core:core:1.0.1] AndroidManifest.xml:20:5-44
MERGED from [androidx.versionedparcelable:versionedparcelable:1.0.0] AndroidManifest.xml:20:5-44
MERGED from [androidx.versionedparcelable:versionedparcelable:1.0.0] AndroidManifest.xml:20:5-44
MERGED from [androidx.lifecycle:lifecycle-viewmodel:2.0.0] AndroidManifest.xml:20:5-44
MERGED from [androidx.lifecycle:lifecycle-viewmodel:2.0.0] AndroidManifest.xml:20:5-44
MERGED from [androidx.interpolator:interpolator:1.0.0] AndroidManifest.xml:20:5-44
MERGED from [androidx.interpolator:interpolator:1.0.0] AndroidManifest.xml:20:5-44
MERGED from [androidx.cursoradapter:cursoradapter:1.0.0] AndroidManifest.xml:20:5-44
MERGED from [androidx.cursoradapter:cursoradapter:1.0.0] AndroidManifest.xml:20:5-44
MERGED from [androidx.documentfile:documentfile:1.0.0] AndroidManifest.xml:20:5-44
MERGED from [androidx.documentfile:documentfile:1.0.0] AndroidManifest.xml:20:5-44
MERGED from [androidx.localbroadcastmanager:localbroadcastmanager:1.0.0] AndroidManifest.xml:20:5-44
MERGED from [androidx.localbroadcastmanager:localbroadcastmanager:1.0.0] AndroidManifest.xml:20:5-44
MERGED from [androidx.print:print:1.0.0] AndroidManifest.xml:20:5-44
MERGED from [androidx.print:print:1.0.0] AndroidManifest.xml:20:5-44
MERGED from [androidx.lifecycle:lifecycle-livedata:2.0.0] AndroidManifest.xml:20:5-44
MERGED from [androidx.lifecycle:lifecycle-livedata:2.0.0] AndroidManifest.xml:20:5-44
MERGED from [androidx.lifecycle:lifecycle-livedata-core:2.0.0] AndroidManifest.xml:20:5-44
MERGED from [androidx.lifecycle:lifecycle-livedata-core:2.0.0] AndroidManifest.xml:20:5-44
MERGED from [androidx.arch.core:core-runtime:2.0.0] AndroidManifest.xml:20:5-44
MERGED from [androidx.arch.core:core-runtime:2.0.0] AndroidManifest.xml:20:5-44
MERGED from [androidx.lifecycle:lifecycle-runtime:2.0.0] AndroidManifest.xml:20:5-44
MERGED from [androidx.lifecycle:lifecycle-runtime:2.0.0] AndroidManifest.xml:20:5-44
INJECTED from a/ChromecastTest/AndroidManifest.xml
INJECTED from a/ChromecastTest/AndroidManifest.xml
	android:targetSdkVersion
		INJECTED from a/ChromecastTest/AndroidManifest.xml
		ADDED from a/ChromecastTest/AndroidManifest.xml
		INJECTED from a/ChromecastTest/AndroidManifest.xml
	android:minSdkVersion
		INJECTED from a/ChromecastTest/AndroidManifest.xml
		ADDED from a/ChromecastTest/AndroidManifest.xml
		INJECTED from a/ChromecastTest/AndroidManifest.xml
uses-permission#android.permission.FOREGROUND_SERVICE
ADDED from [com.google.android.gms:play-services-cast-framework:17.0.0] AndroidManifest.xml:7:5-77
	android:name
		ADDED from [com.google.android.gms:play-services-cast-framework:17.0.0] AndroidManifest.xml:7:22-74
receiver#com.google.android.gms.cast.framework.media.MediaIntentReceiver
ADDED from [com.google.android.gms:play-services-cast-framework:17.0.0] AndroidManifest.xml:10:9-12:40
	android:exported
		ADDED from [com.google.android.gms:play-services-cast-framework:17.0.0] AndroidManifest.xml:12:13-37
	android:name
		ADDED from [com.google.android.gms:play-services-cast-framework:17.0.0] AndroidManifest.xml:11:13-91
service#com.google.android.gms.cast.framework.media.MediaNotificationService
ADDED from [com.google.android.gms:play-services-cast-framework:17.0.0] AndroidManifest.xml:14:9-16:40
	android:exported
		ADDED from [com.google.android.gms:play-services-cast-framework:17.0.0] AndroidManifest.xml:16:13-37
	android:name
		ADDED from [com.google.android.gms:play-services-cast-framework:17.0.0] AndroidManifest.xml:15:13-96
service#com.google.android.gms.cast.framework.ReconnectionService
ADDED from [com.google.android.gms:play-services-cast-framework:17.0.0] AndroidManifest.xml:17:9-19:40
	android:exported
		ADDED from [com.google.android.gms:play-services-cast-framework:17.0.0] AndroidManifest.xml:19:13-37
	android:name
		ADDED from [com.google.android.gms:play-services-cast-framework:17.0.0] AndroidManifest.xml:18:13-85
activity#com.google.android.gms.common.api.GoogleApiActivity
ADDED from [com.google.android.gms:play-services-base:17.0.0] AndroidManifest.xml:23:9-26:75
	android:exported
		ADDED from [com.google.android.gms:play-services-base:17.0.0] AndroidManifest.xml:25:13-37
	android:theme
		ADDED from [com.google.android.gms:play-services-base:17.0.0] AndroidManifest.xml:26:13-72
	android:name
		ADDED from [com.google.android.gms:play-services-base:17.0.0] AndroidManifest.xml:24:13-79
meta-data#com.google.android.gms.version
ADDED from [com.google.android.gms:play-services-basement:17.0.0] AndroidManifest.xml:23:9-25:69
	android:value
		ADDED from [com.google.android.gms:play-services-basement:17.0.0] AndroidManifest.xml:25:13-66
	android:name
		ADDED from [com.google.android.gms:play-services-basement:17.0.0] AndroidManifest.xml:24:13-58